mode: set
github.com/smancke/api-manager/access/limit_handler.go:18.87,24.16 5 1
github.com/smancke/api-manager/access/limit_handler.go:29.2,29.33 1 1
github.com/smancke/api-manager/access/limit_handler.go:33.2,43.15 4 1
github.com/smancke/api-manager/access/limit_handler.go:24.16,26.3 1 0
github.com/smancke/api-manager/access/limit_handler.go:29.33,31.3 1 1
github.com/smancke/api-manager/access/limit_handler.go:46.85,47.41 1 1
github.com/smancke/api-manager/access/limit_handler.go:53.2,54.27 2 1
github.com/smancke/api-manager/access/limit_handler.go:58.2,58.20 1 1
github.com/smancke/api-manager/access/limit_handler.go:47.41,49.44 2 1
github.com/smancke/api-manager/access/limit_handler.go:49.44,51.4 1 1
github.com/smancke/api-manager/access/limit_handler.go:54.27,56.3 1 1
github.com/smancke/api-manager/access/limit_handler.go:61.62,62.26 1 1
github.com/smancke/api-manager/access/limit_handler.go:70.2,71.13 2 1
github.com/smancke/api-manager/access/limit_handler.go:62.26,63.38 1 1
github.com/smancke/api-manager/access/limit_handler.go:66.3,66.44 1 1
github.com/smancke/api-manager/access/limit_handler.go:63.38,65.4 1 1
github.com/smancke/api-manager/access/limit_handler.go:66.44,68.4 1 1
